Array
(
    [property_id] => 39
    [address] => 1
    [area] => 1
    [floor] => 1
    [rooms] => 1
    [type_id] => 2
    [owner_id] => 10
    [price] => 1.00
    [building_type] => Цегляний
    [build_year] => 11
    [heating] => Центральне
    [infrastructure] => 1
    [renovation] => Євроремонт
    [furnished] => Повністю мебльована
    [appliances] => Повний комплект
    [bathroom] => Суміщений
    [internet_tv] => Підключено
    [security] => Домофон
    [ownership] => Приватна
    [mortgage_available] => Так
    [description] => 1
    [elevators] => 0
    [bathroom_count] => 0
    [parking] => 
    [balcony] => 
    [floors] => 1
    [total_area] => 11.00
    [living_area] => 1.00
    [land_area] => 1.00
    [sewerage] => Центральна
    [water_supply] => Центральне
    [garage] => Окремий
    [outbuildings] => 1
    [bathroom_location] => 1
    [balcony_terrace] => Балкон
    [purpose] => Житлове
    [fence] => 1.5 м. Муровані опори та паркан з шифру1
    [distance_to_city] => 1
    [created_at] => 2025-06-08 22:18:22
    [status] => approved
    [is_top] => 1
    [is_highlighted] => 1
)
